[2022-10-12 11:27:13][836] Processing: App\Listeners\NewPostListener
[2022-10-12 11:27:13][836] Processed:  App\Listeners\NewPostListener
[2022-10-12 11:27:40][837] Processing: App\Jobs\EncodeVideo
[2022-10-12 11:27:48][837] Processed:  App\Jobs\EncodeVideo
[2022-10-12 11:29:06][838] Processing: App\Jobs\EncodeVideo
[2022-10-12 11:29:13][838] Processed:  App\Jobs\EncodeVideo
[2022-10-12 11:33:17][839] Processing: App\Jobs\EncodeVideo
[2022-10-12 11:33:22][839] Processed:  App\Jobs\EncodeVideo
[2022-10-12 11:40:28][840] Processing: App\Jobs\EncodeVideo
[2022-10-12 11:40:36][840] Processed:  App\Jobs\EncodeVideo
[2022-10-12 11:48:55][841] Processing: App\Jobs\EncodeVideo
[2022-10-12 11:49:04][841] Processed:  App\Jobs\EncodeVideo
[2022-10-12 11:52:58][842] Processing: App\Listeners\NewPostListener
[2022-10-12 11:52:58][842] Processed:  App\Listeners\NewPostListener
[2022-10-12 11:53:13][843] Processing: App\Jobs\EncodeVideo
[2022-10-12 11:54:07][844] Processing: App\Jobs\EncodeVideo
[2022-10-12 11:54:13][843] Failed:     App\Jobs\EncodeVideo
[2022-10-12 11:55:07][844] Failed:     App\Jobs\EncodeVideo
[2022-10-12 11:57:12][845] Processing: App\Jobs\EncodeVideo
[2022-10-12 11:57:13][845] Failed:     App\Jobs\EncodeVideo
[2022-10-12 11:57:13][846] Processing: App\Jobs\EncodeVideo
[2022-10-12 11:57:30][846] Processed:  App\Jobs\EncodeVideo
[2022-10-12 11:58:24][847] Processing: App\Jobs\EncodeVideoMessages
[2022-10-12 11:58:47][847] Processed:  App\Jobs\EncodeVideoMessages
[2022-10-12 11:58:47][848] Processing: App\Notifications\PayPerViewReceived
[2022-10-12 11:58:49][848] Processed:  App\Notifications\PayPerViewReceived
[2022-10-12 11:58:58][849] Processing: App\Jobs\EncodeVideo
[2022-10-12 11:59:58][849] Failed:     App\Jobs\EncodeVideo
[2022-10-12 12:03:39][850] Processing: App\Jobs\EncodeVideo
[2022-10-12 12:03:50][850] Processed:  App\Jobs\EncodeVideo
[2022-10-12 12:03:50][851] Processing: App\Jobs\EncodeVideo
[2022-10-12 12:04:50][851] Failed:     App\Jobs\EncodeVideo
[2022-10-12 12:08:21][852] Processing: App\Jobs\EncodeVideo
[2022-10-12 12:08:29][852] Processed:  App\Jobs\EncodeVideo
[2022-10-12 12:08:29][853] Processing: App\Jobs\EncodeVideo
[2022-10-12 12:09:29][853] Failed:     App\Jobs\EncodeVideo
[2022-10-28 17:36:33][3] Processing: App\Jobs\EncodeVideoMessages
[2022-10-28 17:36:35][3] Processed:  App\Jobs\EncodeVideoMessages
[2022-10-29 13:01:32][4] Processing: App\Jobs\EncodeVideoMessages
[2022-10-29 13:01:35][4] Processed:  App\Jobs\EncodeVideoMessages
[2022-10-29 13:03:05][5] Processing: App\Jobs\EncodeVideoMessages
[2022-10-29 13:03:06][5] Processed:  App\Jobs\EncodeVideoMessages
[2022-10-31 17:14:45][6] Processing: App\Jobs\EncodeVideoMessages
[2022-10-31 17:14:47][6] Processed:  App\Jobs\EncodeVideoMessages
[2022-10-31 17:16:59][7] Processing: App\Jobs\EncodeVideoMessages
[2022-10-31 17:17:01][7] Processed:  App\Jobs\EncodeVideoMessages
[2022-10-31 17:17:49][8] Processing: App\Jobs\EncodeVideoMessages
[2022-10-31 17:17:50][8] Processed:  App\Jobs\EncodeVideoMessages
[2022-10-31 17:38:29][9] Processing: App\Jobs\EncodeVideoMessages
[2022-10-31 17:38:30][9] Processed:  App\Jobs\EncodeVideoMessages
[2022-10-31 18:23:45][10] Processing: App\Jobs\EncodeVideoMessages
[2022-10-31 18:23:46][10] Processed:  App\Jobs\EncodeVideoMessages
[2022-11-01 17:31:35][11] Processing: App\Jobs\EncodeVideoMessages
[2022-11-01 17:31:37][11] Processed:  App\Jobs\EncodeVideoMessages
[2022-11-01 17:32:03][12] Processing: App\Jobs\EncodeVideoMessages
[2022-11-01 17:32:04][12] Processed:  App\Jobs\EncodeVideoMessages
[2022-11-01 17:32:36][14] Processing: App\Jobs\EncodeVideoMessages
[2022-11-01 17:32:38][14] Processed:  App\Jobs\EncodeVideoMessages
[2022-11-01 17:34:52][15] Processing: App\Jobs\EncodeVideoMessages
[2022-11-01 17:34:54][15] Processed:  App\Jobs\EncodeVideoMessages
